{"/Users/avitaldebachar/Documents/GitHub/WebProj/backend/src/app.ts": {"path":"/Users/avitaldebachar/Documents/GitHub/WebProj/backend/src/app.ts","statementMap":{"0":{"start":{"line":1,"column":0},"end":{"line":1,"column":25}},"1":{"start":{"line":2,"column":0},"end":{"line":2,"column":13}},"2":{"start":{"line":3,"column":0},"end":{"line":3,"column":43}},"3":{"start":{"line":4,"column":0},"end":{"line":4,"column":32}},"4":{"start":{"line":5,"column":0},"end":{"line":5,"column":37}},"5":{"start":{"line":6,"column":0},"end":{"line":6,"column":46}},"6":{"start":{"line":7,"column":0},"end":{"line":7,"column":50}},"7":{"start":{"line":8,"column":0},"end":{"line":8,"column":44}},"8":{"start":{"line":10,"column":0},"end":{"line":10,"column":44}},"9":{"start":{"line":11,"column":0},"end":{"line":11,"column":25}},"10":{"start":{"line":13,"column":16},"end":{"line":44,"column":1}},"11":{"start":{"line":14,"column":18},"end":{"line":42,"column":4}},"12":{"start":{"line":15,"column":15},"end":{"line":15,"column":34}},"13":{"start":{"line":16,"column":4},"end":{"line":16,"column":64}},"14":{"start":{"line":16,"column":26},"end":{"line":16,"column":62}},"15":{"start":{"line":17,"column":4},"end":{"line":17,"column":52}},"16":{"start":{"line":17,"column":30},"end":{"line":17,"column":50}},"17":{"start":{"line":18,"column":16},"end":{"line":18,"column":34}},"18":{"start":{"line":19,"column":4},"end":{"line":41,"column":7}},"19":{"start":{"line":20,"column":18},"end":{"line":20,"column":27}},"20":{"start":{"line":22,"column":6},"end":{"line":22,"column":33}},"21":{"start":{"line":23,"column":6},"end":{"line":23,"column":57}},"22":{"start":{"line":24,"column":6},"end":{"line":30,"column":9}},"23":{"start":{"line":25,"column":8},"end":{"line":25,"column":55}},"24":{"start":{"line":26,"column":8},"end":{"line":26,"column":56}},"25":{"start":{"line":27,"column":8},"end":{"line":27,"column":56}},"26":{"start":{"line":28,"column":8},"end":{"line":28,"column":63}},"27":{"start":{"line":29,"column":8},"end":{"line":29,"column":15}},"28":{"start":{"line":32,"column":6},"end":{"line":32,"column":33}},"29":{"start":{"line":33,"column":6},"end":{"line":33,"column":57}},"30":{"start":{"line":34,"column":6},"end":{"line":34,"column":22}},"31":{"start":{"line":35,"column":6},"end":{"line":35,"column":41}},"32":{"start":{"line":36,"column":6},"end":{"line":36,"column":37}},"33":{"start":{"line":37,"column":6},"end":{"line":37,"column":35}},"34":{"start":{"line":38,"column":6},"end":{"line":38,"column":35}},"35":{"start":{"line":39,"column":6},"end":{"line":39,"column":52}},"36":{"start":{"line":40,"column":6},"end":{"line":40,"column":19}},"37":{"start":{"line":43,"column":2},"end":{"line":43,"column":17}},"38":{"start":{"line":46,"column":0},"end":{"line":46,"column":23}}},"fnMap":{"0":{"name":"(anonymous_1)","decl":{"start":{"line":13,"column":16},"end":{"line":13,"column":37}},"loc":{"start":{"line":13,"column":39},"end":{"line":44,"column":1}}},"1":{"name":"(anonymous_2)","decl":{"start":{"line":14,"column":39},"end":{"line":14,"column":40}},"loc":{"start":{"line":14,"column":51},"end":{"line":42,"column":3}}},"2":{"name":"(anonymous_3)","decl":{"start":{"line":16,"column":20},"end":{"line":16,"column":23}},"loc":{"start":{"line":16,"column":26},"end":{"line":16,"column":62}}},"3":{"name":"(anonymous_4)","decl":{"start":{"line":17,"column":19},"end":{"line":17,"column":20}},"loc":{"start":{"line":17,"column":30},"end":{"line":17,"column":50}}},"4":{"name":"(anonymous_5)","decl":{"start":{"line":19,"column":32},"end":{"line":19,"column":35}},"loc":{"start":{"line":19,"column":37},"end":{"line":41,"column":5}}},"5":{"name":"(anonymous_6)","decl":{"start":{"line":24,"column":14},"end":{"line":24,"column":15}},"loc":{"start":{"line":24,"column":33},"end":{"line":30,"column":7}}}},"branchMap":{},"s":{"0":1,"1":1,"2":1,"3":1,"4":1,"5":1,"6":1,"7":1,"8":1,"9":1,"10":1,"11":0,"12":0,"13":0,"14":0,"15":0,"16":0,"17":0,"18":0,"19":0,"20":0,"21":0,"22":0,"23":0,"24":0,"25":0,"26":0,"27":0,"28":0,"29":0,"30":0,"31":0,"32":0,"33":0,"34":0,"35":0,"36":0,"37":0,"38":1},"f":{"0":0,"1":0,"2":0,"3":0,"4":0,"5":0},"b":{}}
,"/Users/avitaldebachar/Documents/GitHub/WebProj/backend/src/controllers/assets_controller.ts": {"path":"/Users/avitaldebachar/Documents/GitHub/WebProj/backend/src/controllers/assets_controller.ts","statementMap":{"0":{"start":{"line":3,"column":0},"end":{"line":3,"column":55}},"1":{"start":{"line":6,"column":24},"end":{"line":14,"column":6}},"2":{"start":{"line":6,"column":62},"end":{"line":14,"column":6}},"3":{"start":{"line":8,"column":8},"end":{"line":13,"column":9}},"4":{"start":{"line":9,"column":27},"end":{"line":9,"column":45}},"5":{"start":{"line":10,"column":12},"end":{"line":10,"column":29}},"6":{"start":{"line":12,"column":12},"end":{"line":12,"column":59}},"7":{"start":{"line":16,"column":31},"end":{"line":24,"column":6}},"8":{"start":{"line":16,"column":68},"end":{"line":24,"column":6}},"9":{"start":{"line":18,"column":8},"end":{"line":23,"column":9}},"10":{"start":{"line":19,"column":27},"end":{"line":19,"column":74}},"11":{"start":{"line":20,"column":12},"end":{"line":20,"column":29}},"12":{"start":{"line":22,"column":12},"end":{"line":22,"column":59}},"13":{"start":{"line":26,"column":28},"end":{"line":34,"column":6}},"14":{"start":{"line":26,"column":66},"end":{"line":34,"column":6}},"15":{"start":{"line":28,"column":8},"end":{"line":33,"column":9}},"16":{"start":{"line":29,"column":27},"end":{"line":29,"column":70}},"17":{"start":{"line":30,"column":12},"end":{"line":30,"column":29}},"18":{"start":{"line":32,"column":12},"end":{"line":32,"column":59}},"19":{"start":{"line":37,"column":24},"end":{"line":45,"column":6}},"20":{"start":{"line":37,"column":62},"end":{"line":45,"column":6}},"21":{"start":{"line":39,"column":8},"end":{"line":44,"column":9}},"22":{"start":{"line":40,"column":27},"end":{"line":40,"column":75}},"23":{"start":{"line":41,"column":12},"end":{"line":41,"column":29}},"24":{"start":{"line":43,"column":12},"end":{"line":43,"column":59}},"25":{"start":{"line":49,"column":23},"end":{"line":61,"column":null}},"26":{"start":{"line":49,"column":48},"end":{"line":61,"column":null}},"27":{"start":{"line":50,"column":8},"end":{"line":60,"column":9}},"28":{"start":{"line":51,"column":47},"end":{"line":51,"column":55}},"29":{"start":{"line":52,"column":12},"end":{"line":54,"column":13}},"30":{"start":{"line":53,"column":16},"end":{"line":53,"column":74}},"31":{"start":{"line":55,"column":26},"end":{"line":55,"column":50}},"32":{"start":{"line":56,"column":12},"end":{"line":56,"column":31}},"33":{"start":{"line":57,"column":12},"end":{"line":57,"column":25}},"34":{"start":{"line":59,"column":12},"end":{"line":59,"column":41}},"35":{"start":{"line":63,"column":31},"end":{"line":70,"column":null}},"36":{"start":{"line":63,"column":68},"end":{"line":70,"column":null}},"37":{"start":{"line":64,"column":8},"end":{"line":69,"column":9}},"38":{"start":{"line":65,"column":26},"end":{"line":65,"column":59}},"39":{"start":{"line":66,"column":12},"end":{"line":66,"column":40}},"40":{"start":{"line":68,"column":12},"end":{"line":68,"column":59}},"41":{"start":{"line":72,"column":24},"end":{"line":82,"column":6}},"42":{"start":{"line":72,"column":61},"end":{"line":82,"column":6}},"43":{"start":{"line":74,"column":8},"end":{"line":81,"column":9}},"44":{"start":{"line":75,"column":29},"end":{"line":75,"column":46}},"45":{"start":{"line":77,"column":13},"end":{"line":77,"column":53}},"46":{"start":{"line":78,"column":12},"end":{"line":78,"column":62}},"47":{"start":{"line":80,"column":12},"end":{"line":80,"column":59}},"48":{"start":{"line":84,"column":23},"end":{"line":102,"column":6}},"49":{"start":{"line":84,"column":60},"end":{"line":102,"column":6}},"50":{"start":{"line":86,"column":25},"end":{"line":86,"column":42}},"51":{"start":{"line":87,"column":8},"end":{"line":101,"column":9}},"52":{"start":{"line":88,"column":30},"end":{"line":92,"column":null}},"53":{"start":{"line":93,"column":26},"end":{"line":95,"column":null}},"54":{"start":{"line":97,"column":12},"end":{"line":97,"column":25}},"55":{"start":{"line":98,"column":12},"end":{"line":98,"column":28}},"56":{"start":{"line":100,"column":12},"end":{"line":100,"column":59}},"57":{"start":{"line":106,"column":0},"end":{"line":115,"column":2}}},"fnMap":{"0":{"name":"(anonymous_8)","decl":{"start":{"line":6,"column":24},"end":{"line":6,"column":31}},"loc":{"start":{"line":6,"column":62},"end":{"line":14,"column":6}}},"1":{"name":"(anonymous_9)","decl":{"start":{"line":6,"column":62},"end":{"line":6,"column":null}},"loc":{"start":{"line":6,"column":62},"end":{"line":14,"column":5}}},"2":{"name":"(anonymous_10)","decl":{"start":{"line":16,"column":31},"end":{"line":16,"column":37}},"loc":{"start":{"line":16,"column":68},"end":{"line":24,"column":6}}},"3":{"name":"(anonymous_11)","decl":{"start":{"line":16,"column":68},"end":{"line":16,"column":null}},"loc":{"start":{"line":16,"column":68},"end":{"line":24,"column":5}}},"4":{"name":"(anonymous_12)","decl":{"start":{"line":26,"column":28},"end":{"line":26,"column":35}},"loc":{"start":{"line":26,"column":66},"end":{"line":34,"column":6}}},"5":{"name":"(anonymous_13)","decl":{"start":{"line":26,"column":66},"end":{"line":26,"column":null}},"loc":{"start":{"line":26,"column":66},"end":{"line":34,"column":5}}},"6":{"name":"(anonymous_14)","decl":{"start":{"line":37,"column":24},"end":{"line":37,"column":31}},"loc":{"start":{"line":37,"column":62},"end":{"line":45,"column":6}}},"7":{"name":"(anonymous_15)","decl":{"start":{"line":37,"column":62},"end":{"line":37,"column":null}},"loc":{"start":{"line":37,"column":62},"end":{"line":45,"column":5}}},"8":{"name":"(anonymous_16)","decl":{"start":{"line":49,"column":23},"end":{"line":49,"column":29}},"loc":{"start":{"line":49,"column":48},"end":{"line":61,"column":null}}},"9":{"name":"(anonymous_17)","decl":{"start":{"line":49,"column":48},"end":{"line":49,"column":null}},"loc":{"start":{"line":49,"column":48},"end":{"line":61,"column":5}}},"10":{"name":"(anonymous_18)","decl":{"start":{"line":63,"column":31},"end":{"line":63,"column":37}},"loc":{"start":{"line":63,"column":68},"end":{"line":70,"column":null}}},"11":{"name":"(anonymous_19)","decl":{"start":{"line":63,"column":68},"end":{"line":63,"column":null}},"loc":{"start":{"line":63,"column":68},"end":{"line":70,"column":5}}},"12":{"name":"(anonymous_20)","decl":{"start":{"line":72,"column":24},"end":{"line":72,"column":30}},"loc":{"start":{"line":72,"column":61},"end":{"line":82,"column":6}}},"13":{"name":"(anonymous_21)","decl":{"start":{"line":72,"column":61},"end":{"line":72,"column":null}},"loc":{"start":{"line":72,"column":61},"end":{"line":82,"column":5}}},"14":{"name":"(anonymous_22)","decl":{"start":{"line":84,"column":23},"end":{"line":84,"column":29}},"loc":{"start":{"line":84,"column":60},"end":{"line":102,"column":6}}},"15":{"name":"(anonymous_23)","decl":{"start":{"line":84,"column":60},"end":{"line":84,"column":null}},"loc":{"start":{"line":84,"column":60},"end":{"line":102,"column":5}}}},"branchMap":{"0":{"loc":{"start":{"line":52,"column":12},"end":{"line":54,"column":13}},"type":"if","locations":[{"start":{"line":52,"column":12},"end":{"line":54,"column":13}}]},"1":{"loc":{"start":{"line":52,"column":16},"end":{"line":52,"column":47}},"type":"binary-expr","locations":[{"start":{"line":52,"column":16},"end":{"line":52,"column":24}},{"start":{"line":52,"column":28},"end":{"line":52,"column":34}},{"start":{"line":52,"column":38},"end":{"line":52,"column":47}}]}},"s":{"0":2,"1":2,"2":2,"3":2,"4":2,"5":1,"6":1,"7":2,"8":0,"9":0,"10":0,"11":0,"12":0,"13":2,"14":0,"15":0,"16":0,"17":0,"18":0,"19":2,"20":0,"21":0,"22":0,"23":0,"24":0,"25":2,"26":0,"27":0,"28":0,"29":0,"30":0,"31":0,"32":0,"33":0,"34":0,"35":2,"36":0,"37":0,"38":0,"39":0,"40":0,"41":2,"42":0,"43":0,"44":0,"45":0,"46":0,"47":0,"48":2,"49":0,"50":0,"51":0,"52":0,"53":0,"54":0,"55":0,"56":0,"57":2},"f":{"0":2,"1":2,"2":0,"3":0,"4":0,"5":0,"6":0,"7":0,"8":0,"9":0,"10":0,"11":0,"12":0,"13":0,"14":0,"15":0},"b":{"0":[0],"1":[0,0,0]}}
,"/Users/avitaldebachar/Documents/GitHub/WebProj/backend/src/controllers/comment_controller.ts": {"path":"/Users/avitaldebachar/Documents/GitHub/WebProj/backend/src/controllers/comment_controller.ts","statementMap":{"0":{"start":{"line":3,"column":0},"end":{"line":3,"column":46}},"1":{"start":{"line":10,"column":8},"end":{"line":15,"column":9}},"2":{"start":{"line":11,"column":29},"end":{"line":11,"column":49}},"3":{"start":{"line":12,"column":12},"end":{"line":12,"column":31}},"4":{"start":{"line":14,"column":12},"end":{"line":14,"column":59}},"5":{"start":{"line":19,"column":6},"end":{"line":24,"column":7}},"6":{"start":{"line":20,"column":27},"end":{"line":20,"column":74}},"7":{"start":{"line":21,"column":10},"end":{"line":21,"column":29}},"8":{"start":{"line":23,"column":10},"end":{"line":23,"column":57}},"9":{"start":{"line":29,"column":4},"end":{"line":34,"column":5}},"10":{"start":{"line":30,"column":25},"end":{"line":30,"column":74}},"11":{"start":{"line":31,"column":8},"end":{"line":31,"column":27}},"12":{"start":{"line":33,"column":8},"end":{"line":33,"column":55}},"13":{"start":{"line":38,"column":8},"end":{"line":49,"column":9}},"14":{"start":{"line":39,"column":32},"end":{"line":43,"column":null}},"15":{"start":{"line":44,"column":28},"end":{"line":44,"column":52}},"16":{"start":{"line":45,"column":12},"end":{"line":45,"column":27}},"17":{"start":{"line":46,"column":12},"end":{"line":46,"column":30}},"18":{"start":{"line":48,"column":12},"end":{"line":48,"column":59}},"19":{"start":{"line":52,"column":8},"end":{"line":59,"column":9}},"20":{"start":{"line":53,"column":31},"end":{"line":53,"column":50}},"21":{"start":{"line":55,"column":13},"end":{"line":55,"column":57}},"22":{"start":{"line":56,"column":12},"end":{"line":56,"column":64}},"23":{"start":{"line":58,"column":12},"end":{"line":58,"column":59}},"24":{"start":{"line":63,"column":27},"end":{"line":63,"column":46}},"25":{"start":{"line":64,"column":8},"end":{"line":78,"column":9}},"26":{"start":{"line":65,"column":32},"end":{"line":69,"column":null}},"27":{"start":{"line":70,"column":28},"end":{"line":72,"column":null}},"28":{"start":{"line":74,"column":12},"end":{"line":74,"column":27}},"29":{"start":{"line":75,"column":12},"end":{"line":75,"column":30}},"30":{"start":{"line":77,"column":12},"end":{"line":77,"column":59}},"31":{"start":{"line":84,"column":0},"end":{"line":84,"column":38}}},"fnMap":{"0":{"name":"(anonymous_8)","decl":{"start":{"line":9,"column":10},"end":{"line":9,"column":24}},"loc":{"start":{"line":9,"column":52},"end":{"line":16,"column":null}}},"1":{"name":"(anonymous_10)","decl":{"start":{"line":18,"column":10},"end":{"line":18,"column":28}},"loc":{"start":{"line":18,"column":56},"end":{"line":25,"column":null}}},"2":{"name":"(anonymous_12)","decl":{"start":{"line":27,"column":8},"end":{"line":27,"column":27}},"loc":{"start":{"line":27,"column":55},"end":{"line":35,"column":null}}},"3":{"name":"(anonymous_14)","decl":{"start":{"line":37,"column":10},"end":{"line":37,"column":23}},"loc":{"start":{"line":37,"column":51},"end":{"line":50,"column":null}}},"4":{"name":"(anonymous_16)","decl":{"start":{"line":51,"column":10},"end":{"line":51,"column":23}},"loc":{"start":{"line":51,"column":51},"end":{"line":60,"column":null}}},"5":{"name":"(anonymous_18)","decl":{"start":{"line":62,"column":10},"end":{"line":62,"column":23}},"loc":{"start":{"line":62,"column":51},"end":{"line":79,"column":null}}}},"branchMap":{},"s":{"0":1,"1":0,"2":0,"3":0,"4":0,"5":0,"6":0,"7":0,"8":0,"9":0,"10":0,"11":0,"12":0,"13":0,"14":0,"15":0,"16":0,"17":0,"18":0,"19":0,"20":0,"21":0,"22":0,"23":0,"24":0,"25":0,"26":0,"27":0,"28":0,"29":0,"30":0,"31":1},"f":{"0":0,"1":0,"2":0,"3":0,"4":0,"5":0},"b":{}}
,"/Users/avitaldebachar/Documents/GitHub/WebProj/backend/src/controllers/file_controller.ts": {"path":"/Users/avitaldebachar/Documents/GitHub/WebProj/backend/src/controllers/file_controller.ts","statementMap":{"0":{"start":{"line":10,"column":8},"end":{"line":14,"column":9}},"1":{"start":{"line":11,"column":12},"end":{"line":11,"column":65}},"2":{"start":{"line":13,"column":12},"end":{"line":13,"column":59}},"3":{"start":{"line":18,"column":8},"end":{"line":23,"column":9}},"4":{"start":{"line":19,"column":25},"end":{"line":19,"column":51}},"5":{"start":{"line":20,"column":12},"end":{"line":20,"column":null}},"6":{"start":{"line":22,"column":12},"end":{"line":22,"column":59}},"7":{"start":{"line":29,"column":0},"end":{"line":29,"column":34}}},"fnMap":{"0":{"name":"(anonymous_7)","decl":{"start":{"line":9,"column":10},"end":{"line":9,"column":20}},"loc":{"start":{"line":9,"column":48},"end":{"line":15,"column":null}}},"1":{"name":"(anonymous_9)","decl":{"start":{"line":17,"column":10},"end":{"line":17,"column":22}},"loc":{"start":{"line":17,"column":50},"end":{"line":24,"column":null}}}},"branchMap":{},"s":{"0":0,"1":0,"2":0,"3":0,"4":0,"5":0,"6":0,"7":1},"f":{"0":0,"1":0},"b":{}}
,"/Users/avitaldebachar/Documents/GitHub/WebProj/backend/src/controllers/user_controller.ts": {"path":"/Users/avitaldebachar/Documents/GitHub/WebProj/backend/src/controllers/user_controller.ts","statementMap":{"0":{"start":{"line":1,"column":0},"end":{"line":1,"column":31}},"1":{"start":{"line":2,"column":0},"end":{"line":2,"column":28}},"2":{"start":{"line":5,"column":0},"end":{"line":5,"column":51}},"3":{"start":{"line":6,"column":0},"end":{"line":6,"column":33}},"4":{"start":{"line":11,"column":19},"end":{"line":28,"column":null}},"5":{"start":{"line":11,"column":44},"end":{"line":28,"column":null}},"6":{"start":{"line":12,"column":4},"end":{"line":27,"column":5}},"7":{"start":{"line":13,"column":8},"end":{"line":26,"column":9}},"8":{"start":{"line":14,"column":56},"end":{"line":14,"column":63}},"9":{"start":{"line":15,"column":12},"end":{"line":17,"column":13}},"10":{"start":{"line":16,"column":16},"end":{"line":16,"column":73}},"11":{"start":{"line":18,"column":35},"end":{"line":18,"column":64}},"12":{"start":{"line":19,"column":12},"end":{"line":19,"column":46}},"13":{"start":{"line":20,"column":12},"end":{"line":20,"column":57}},"14":{"start":{"line":21,"column":25},"end":{"line":21,"column":49}},"15":{"start":{"line":22,"column":12},"end":{"line":22,"column":30}},"16":{"start":{"line":23,"column":12},"end":{"line":23,"column":24}},"17":{"start":{"line":25,"column":12},"end":{"line":25,"column":43}},"18":{"start":{"line":29,"column":26},"end":{"line":36,"column":null}},"19":{"start":{"line":29,"column":64},"end":{"line":36,"column":null}},"20":{"start":{"line":30,"column":4},"end":{"line":35,"column":5}},"21":{"start":{"line":31,"column":21},"end":{"line":31,"column":52}},"22":{"start":{"line":32,"column":8},"end":{"line":32,"column":35}},"23":{"start":{"line":34,"column":8},"end":{"line":34,"column":57}},"24":{"start":{"line":43,"column":19},"end":{"line":57,"column":null}},"25":{"start":{"line":43,"column":40},"end":{"line":57,"column":null}},"26":{"start":{"line":44,"column":4},"end":{"line":54,"column":5}},"27":{"start":{"line":45,"column":8},"end":{"line":53,"column":9}},"28":{"start":{"line":46,"column":25},"end":{"line":46,"column":57}},"29":{"start":{"line":47,"column":12},"end":{"line":49,"column":13}},"30":{"start":{"line":48,"column":16},"end":{"line":48,"column":28}},"31":{"start":{"line":50,"column":12},"end":{"line":50,"column":46}},"32":{"start":{"line":52,"column":12},"end":{"line":52,"column":43}},"33":{"start":{"line":55,"column":4},"end":{"line":55,"column":38}},"34":{"start":{"line":62,"column":26},"end":{"line":69,"column":null}},"35":{"start":{"line":62,"column":64},"end":{"line":69,"column":null}},"36":{"start":{"line":63,"column":4},"end":{"line":68,"column":5}},"37":{"start":{"line":64,"column":21},"end":{"line":64,"column":52}},"38":{"start":{"line":65,"column":8},"end":{"line":65,"column":35}},"39":{"start":{"line":67,"column":8},"end":{"line":67,"column":57}},"40":{"start":{"line":71,"column":19},"end":{"line":86,"column":null}},"41":{"start":{"line":71,"column":53},"end":{"line":86,"column":null}},"42":{"start":{"line":72,"column":4},"end":{"line":84,"column":5}},"43":{"start":{"line":73,"column":8},"end":{"line":83,"column":9}},"44":{"start":{"line":74,"column":35},"end":{"line":74,"column":69}},"45":{"start":{"line":75,"column":12},"end":{"line":75,"column":43}},"46":{"start":{"line":76,"column":32},"end":{"line":76,"column":85}},"47":{"start":{"line":77,"column":12},"end":{"line":79,"column":13}},"48":{"start":{"line":78,"column":16},"end":{"line":78,"column":35}},"49":{"start":{"line":80,"column":12},"end":{"line":80,"column":46}},"50":{"start":{"line":82,"column":12},"end":{"line":82,"column":43}},"51":{"start":{"line":85,"column":4},"end":{"line":85,"column":38}},"52":{"start":{"line":88,"column":26},"end":{"line":95,"column":null}},"53":{"start":{"line":88,"column":64},"end":{"line":95,"column":null}},"54":{"start":{"line":89,"column":4},"end":{"line":94,"column":5}},"55":{"start":{"line":90,"column":21},"end":{"line":90,"column":67}},"56":{"start":{"line":91,"column":8},"end":{"line":91,"column":35}},"57":{"start":{"line":93,"column":8},"end":{"line":93,"column":57}},"58":{"start":{"line":97,"column":23},"end":{"line":114,"column":null}},"59":{"start":{"line":97,"column":75},"end":{"line":114,"column":null}},"60":{"start":{"line":98,"column":4},"end":{"line":113,"column":5}},"61":{"start":{"line":99,"column":8},"end":{"line":112,"column":9}},"62":{"start":{"line":100,"column":25},"end":{"line":100,"column":59}},"63":{"start":{"line":101,"column":12},"end":{"line":108,"column":13}},"64":{"start":{"line":102,"column":16},"end":{"line":104,"column":17}},"65":{"start":{"line":103,"column":20},"end":{"line":103,"column":60}},"66":{"start":{"line":105,"column":16},"end":{"line":105,"column":40}},"67":{"start":{"line":106,"column":16},"end":{"line":106,"column":54}},"68":{"start":{"line":107,"column":16},"end":{"line":107,"column":28}},"69":{"start":{"line":109,"column":12},"end":{"line":109,"column":46}},"70":{"start":{"line":111,"column":12},"end":{"line":111,"column":43}},"71":{"start":{"line":116,"column":30},"end":{"line":124,"column":null}},"72":{"start":{"line":116,"column":68},"end":{"line":124,"column":null}},"73":{"start":{"line":117,"column":4},"end":{"line":122,"column":5}},"74":{"start":{"line":118,"column":21},"end":{"line":118,"column":110}},"75":{"start":{"line":119,"column":8},"end":{"line":119,"column":35}},"76":{"start":{"line":121,"column":8},"end":{"line":121,"column":57}},"77":{"start":{"line":126,"column":28},"end":{"line":144,"column":null}},"78":{"start":{"line":126,"column":80},"end":{"line":144,"column":null}},"79":{"start":{"line":127,"column":4},"end":{"line":143,"column":5}},"80":{"start":{"line":128,"column":8},"end":{"line":142,"column":9}},"81":{"start":{"line":129,"column":25},"end":{"line":129,"column":59}},"82":{"start":{"line":130,"column":12},"end":{"line":137,"column":13}},"83":{"start":{"line":131,"column":16},"end":{"line":133,"column":17}},"84":{"start":{"line":132,"column":20},"end":{"line":132,"column":60}},"85":{"start":{"line":134,"column":16},"end":{"line":134,"column":103}},"86":{"start":{"line":134,"column":62},"end":{"line":134,"column":101}},"87":{"start":{"line":135,"column":16},"end":{"line":135,"column":54}},"88":{"start":{"line":136,"column":16},"end":{"line":136,"column":28}},"89":{"start":{"line":138,"column":12},"end":{"line":138,"column":46}},"90":{"start":{"line":141,"column":12},"end":{"line":141,"column":43}},"91":{"start":{"line":146,"column":35},"end":{"line":154,"column":null}},"92":{"start":{"line":146,"column":73},"end":{"line":154,"column":null}},"93":{"start":{"line":147,"column":4},"end":{"line":153,"column":5}},"94":{"start":{"line":149,"column":21},"end":{"line":149,"column":115}},"95":{"start":{"line":150,"column":8},"end":{"line":150,"column":35}},"96":{"start":{"line":152,"column":8},"end":{"line":152,"column":57}},"97":{"start":{"line":157,"column":18},"end":{"line":180,"column":null}},"98":{"start":{"line":157,"column":56},"end":{"line":180,"column":null}},"99":{"start":{"line":158,"column":18},"end":{"line":158,"column":32}},"100":{"start":{"line":159,"column":21},"end":{"line":159,"column":38}},"101":{"start":{"line":160,"column":4},"end":{"line":162,"column":5}},"102":{"start":{"line":161,"column":8},"end":{"line":161,"column":68}},"103":{"start":{"line":163,"column":4},"end":{"line":179,"column":5}},"104":{"start":{"line":165,"column":21},"end":{"line":165,"column":56}},"105":{"start":{"line":166,"column":8},"end":{"line":168,"column":9}},"106":{"start":{"line":167,"column":12},"end":{"line":167,"column":74}},"107":{"start":{"line":169,"column":22},"end":{"line":169,"column":67}},"108":{"start":{"line":170,"column":8},"end":{"line":172,"column":9}},"109":{"start":{"line":171,"column":12},"end":{"line":171,"column":74}},"110":{"start":{"line":173,"column":22},"end":{"line":173,"column":32}},"111":{"start":{"line":174,"column":22},"end":{"line":174,"column":96}},"112":{"start":{"line":175,"column":8},"end":{"line":175,"column":62}},"113":{"start":{"line":177,"column":8},"end":{"line":177,"column":74}},"114":{"start":{"line":181,"column":17},"end":{"line":189,"column":null}},"115":{"start":{"line":181,"column":55},"end":{"line":189,"column":null}},"116":{"start":{"line":182,"column":4},"end":{"line":188,"column":5}},"117":{"start":{"line":183,"column":23},"end":{"line":183,"column":38}},"118":{"start":{"line":184,"column":22},"end":{"line":184,"column":59}},"119":{"start":{"line":185,"column":8},"end":{"line":185,"column":44}},"120":{"start":{"line":187,"column":8},"end":{"line":187,"column":63}},"121":{"start":{"line":193,"column":20},"end":{"line":200,"column":null}},"122":{"start":{"line":193,"column":58},"end":{"line":200,"column":null}},"123":{"start":{"line":194,"column":4},"end":{"line":199,"column":5}},"124":{"start":{"line":195,"column":22},"end":{"line":195,"column":39}},"125":{"start":{"line":196,"column":8},"end":{"line":196,"column":36}},"126":{"start":{"line":198,"column":8},"end":{"line":198,"column":55}},"127":{"start":{"line":204,"column":22},"end":{"line":217,"column":2}},"128":{"start":{"line":204,"column":45},"end":{"line":217,"column":2}},"129":{"start":{"line":205,"column":4},"end":{"line":215,"column":5}},"130":{"start":{"line":206,"column":8},"end":{"line":214,"column":9}},"131":{"start":{"line":207,"column":25},"end":{"line":207,"column":53}},"132":{"start":{"line":208,"column":12},"end":{"line":210,"column":13}},"133":{"start":{"line":209,"column":16},"end":{"line":209,"column":28}},"134":{"start":{"line":211,"column":12},"end":{"line":211,"column":24}},"135":{"start":{"line":213,"column":12},"end":{"line":213,"column":43}},"136":{"start":{"line":216,"column":4},"end":{"line":216,"column":40}},"137":{"start":{"line":221,"column":23},"end":{"line":234,"column":2}},"138":{"start":{"line":221,"column":47},"end":{"line":234,"column":2}},"139":{"start":{"line":222,"column":4},"end":{"line":232,"column":5}},"140":{"start":{"line":223,"column":8},"end":{"line":231,"column":9}},"141":{"start":{"line":224,"column":25},"end":{"line":224,"column":54}},"142":{"start":{"line":225,"column":12},"end":{"line":227,"column":13}},"143":{"start":{"line":226,"column":16},"end":{"line":226,"column":28}},"144":{"start":{"line":228,"column":12},"end":{"line":228,"column":24}},"145":{"start":{"line":230,"column":12},"end":{"line":230,"column":43}},"146":{"start":{"line":233,"column":4},"end":{"line":233,"column":41}},"147":{"start":{"line":236,"column":30},"end":{"line":243,"column":2}},"148":{"start":{"line":236,"column":68},"end":{"line":243,"column":2}},"149":{"start":{"line":237,"column":4},"end":{"line":242,"column":5}},"150":{"start":{"line":238,"column":21},"end":{"line":238,"column":59}},"151":{"start":{"line":239,"column":8},"end":{"line":239,"column":35}},"152":{"start":{"line":241,"column":8},"end":{"line":241,"column":57}},"153":{"start":{"line":246,"column":0},"end":{"line":257,"column":2}}},"fnMap":{"0":{"name":"(anonymous_8)","decl":{"start":{"line":11,"column":19},"end":{"line":11,"column":26}},"loc":{"start":{"line":11,"column":44},"end":{"line":28,"column":null}}},"1":{"name":"(anonymous_9)","decl":{"start":{"line":11,"column":44},"end":{"line":11,"column":null}},"loc":{"start":{"line":11,"column":44},"end":{"line":28,"column":1}}},"2":{"name":"(anonymous_10)","decl":{"start":{"line":29,"column":26},"end":{"line":29,"column":33}},"loc":{"start":{"line":29,"column":64},"end":{"line":36,"column":null}}},"3":{"name":"(anonymous_11)","decl":{"start":{"line":29,"column":64},"end":{"line":29,"column":null}},"loc":{"start":{"line":29,"column":64},"end":{"line":36,"column":1}}},"4":{"name":"(anonymous_12)","decl":{"start":{"line":43,"column":19},"end":{"line":43,"column":26}},"loc":{"start":{"line":43,"column":40},"end":{"line":57,"column":null}}},"5":{"name":"(anonymous_13)","decl":{"start":{"line":43,"column":40},"end":{"line":43,"column":null}},"loc":{"start":{"line":43,"column":40},"end":{"line":57,"column":1}}},"6":{"name":"(anonymous_14)","decl":{"start":{"line":62,"column":26},"end":{"line":62,"column":33}},"loc":{"start":{"line":62,"column":64},"end":{"line":69,"column":null}}},"7":{"name":"(anonymous_15)","decl":{"start":{"line":62,"column":64},"end":{"line":62,"column":null}},"loc":{"start":{"line":62,"column":64},"end":{"line":69,"column":1}}},"8":{"name":"(anonymous_16)","decl":{"start":{"line":71,"column":19},"end":{"line":71,"column":26}},"loc":{"start":{"line":71,"column":53},"end":{"line":86,"column":null}}},"9":{"name":"(anonymous_17)","decl":{"start":{"line":71,"column":53},"end":{"line":71,"column":null}},"loc":{"start":{"line":71,"column":53},"end":{"line":86,"column":1}}},"10":{"name":"(anonymous_18)","decl":{"start":{"line":88,"column":26},"end":{"line":88,"column":33}},"loc":{"start":{"line":88,"column":64},"end":{"line":95,"column":null}}},"11":{"name":"(anonymous_19)","decl":{"start":{"line":88,"column":64},"end":{"line":88,"column":null}},"loc":{"start":{"line":88,"column":64},"end":{"line":95,"column":1}}},"12":{"name":"(anonymous_20)","decl":{"start":{"line":97,"column":23},"end":{"line":97,"column":30}},"loc":{"start":{"line":97,"column":75},"end":{"line":114,"column":null}}},"13":{"name":"(anonymous_21)","decl":{"start":{"line":97,"column":75},"end":{"line":97,"column":null}},"loc":{"start":{"line":97,"column":75},"end":{"line":114,"column":1}}},"14":{"name":"(anonymous_22)","decl":{"start":{"line":116,"column":30},"end":{"line":116,"column":37}},"loc":{"start":{"line":116,"column":68},"end":{"line":124,"column":null}}},"15":{"name":"(anonymous_23)","decl":{"start":{"line":116,"column":68},"end":{"line":116,"column":null}},"loc":{"start":{"line":116,"column":68},"end":{"line":124,"column":1}}},"16":{"name":"(anonymous_24)","decl":{"start":{"line":126,"column":28},"end":{"line":126,"column":35}},"loc":{"start":{"line":126,"column":80},"end":{"line":144,"column":null}}},"17":{"name":"(anonymous_25)","decl":{"start":{"line":126,"column":80},"end":{"line":126,"column":null}},"loc":{"start":{"line":126,"column":80},"end":{"line":144,"column":1}}},"18":{"name":"(anonymous_26)","decl":{"start":{"line":134,"column":49},"end":{"line":134,"column":50}},"loc":{"start":{"line":134,"column":62},"end":{"line":134,"column":101}}},"19":{"name":"(anonymous_27)","decl":{"start":{"line":146,"column":35},"end":{"line":146,"column":42}},"loc":{"start":{"line":146,"column":73},"end":{"line":154,"column":null}}},"20":{"name":"(anonymous_28)","decl":{"start":{"line":146,"column":73},"end":{"line":146,"column":null}},"loc":{"start":{"line":146,"column":73},"end":{"line":154,"column":1}}},"21":{"name":"(anonymous_29)","decl":{"start":{"line":157,"column":18},"end":{"line":157,"column":25}},"loc":{"start":{"line":157,"column":56},"end":{"line":180,"column":null}}},"22":{"name":"(anonymous_30)","decl":{"start":{"line":157,"column":56},"end":{"line":157,"column":null}},"loc":{"start":{"line":157,"column":56},"end":{"line":180,"column":1}}},"23":{"name":"(anonymous_31)","decl":{"start":{"line":181,"column":17},"end":{"line":181,"column":24}},"loc":{"start":{"line":181,"column":55},"end":{"line":189,"column":null}}},"24":{"name":"(anonymous_32)","decl":{"start":{"line":181,"column":55},"end":{"line":181,"column":null}},"loc":{"start":{"line":181,"column":55},"end":{"line":189,"column":1}}},"25":{"name":"(anonymous_33)","decl":{"start":{"line":193,"column":20},"end":{"line":193,"column":27}},"loc":{"start":{"line":193,"column":58},"end":{"line":200,"column":null}}},"26":{"name":"(anonymous_34)","decl":{"start":{"line":193,"column":58},"end":{"line":193,"column":null}},"loc":{"start":{"line":193,"column":58},"end":{"line":200,"column":1}}},"27":{"name":"(anonymous_35)","decl":{"start":{"line":204,"column":22},"end":{"line":204,"column":29}},"loc":{"start":{"line":204,"column":45},"end":{"line":217,"column":2}}},"28":{"name":"(anonymous_36)","decl":{"start":{"line":204,"column":45},"end":{"line":204,"column":null}},"loc":{"start":{"line":204,"column":45},"end":{"line":217,"column":1}}},"29":{"name":"(anonymous_37)","decl":{"start":{"line":221,"column":23},"end":{"line":221,"column":30}},"loc":{"start":{"line":221,"column":47},"end":{"line":234,"column":2}}},"30":{"name":"(anonymous_38)","decl":{"start":{"line":221,"column":47},"end":{"line":221,"column":null}},"loc":{"start":{"line":221,"column":47},"end":{"line":234,"column":1}}},"31":{"name":"(anonymous_39)","decl":{"start":{"line":236,"column":30},"end":{"line":236,"column":37}},"loc":{"start":{"line":236,"column":68},"end":{"line":243,"column":2}}},"32":{"name":"(anonymous_40)","decl":{"start":{"line":236,"column":68},"end":{"line":236,"column":null}},"loc":{"start":{"line":236,"column":68},"end":{"line":243,"column":1}}}},"branchMap":{"0":{"loc":{"start":{"line":12,"column":4},"end":{"line":27,"column":5}},"type":"if","locations":[{"start":{"line":12,"column":4},"end":{"line":27,"column":5}}]},"1":{"loc":{"start":{"line":15,"column":12},"end":{"line":17,"column":13}},"type":"if","locations":[{"start":{"line":15,"column":12},"end":{"line":17,"column":13}}]},"2":{"loc":{"start":{"line":15,"column":16},"end":{"line":15,"column":44}},"type":"binary-expr","locations":[{"start":{"line":15,"column":16},"end":{"line":15,"column":21}},{"start":{"line":15,"column":25},"end":{"line":15,"column":31}},{"start":{"line":15,"column":35},"end":{"line":15,"column":44}}]},"3":{"loc":{"start":{"line":20,"column":31},"end":{"line":20,"column":56}},"type":"binary-expr","locations":[{"start":{"line":20,"column":31},"end":{"line":20,"column":39}},{"start":{"line":20,"column":43},"end":{"line":20,"column":56}}]},"4":{"loc":{"start":{"line":44,"column":4},"end":{"line":54,"column":5}},"type":"if","locations":[{"start":{"line":44,"column":4},"end":{"line":54,"column":5}}]},"5":{"loc":{"start":{"line":47,"column":12},"end":{"line":49,"column":13}},"type":"if","locations":[{"start":{"line":47,"column":12},"end":{"line":49,"column":13}}]},"6":{"loc":{"start":{"line":72,"column":4},"end":{"line":84,"column":5}},"type":"if","locations":[{"start":{"line":72,"column":4},"end":{"line":84,"column":5}}]},"7":{"loc":{"start":{"line":77,"column":12},"end":{"line":79,"column":13}},"type":"if","locations":[{"start":{"line":77,"column":12},"end":{"line":79,"column":13}}]},"8":{"loc":{"start":{"line":98,"column":4},"end":{"line":113,"column":5}},"type":"if","locations":[{"start":{"line":98,"column":4},"end":{"line":113,"column":5}}]},"9":{"loc":{"start":{"line":101,"column":12},"end":{"line":108,"column":13}},"type":"if","locations":[{"start":{"line":101,"column":12},"end":{"line":108,"column":13}}]},"10":{"loc":{"start":{"line":102,"column":16},"end":{"line":104,"column":17}},"type":"if","locations":[{"start":{"line":102,"column":16},"end":{"line":104,"column":17}}]},"11":{"loc":{"start":{"line":127,"column":4},"end":{"line":143,"column":5}},"type":"if","locations":[{"start":{"line":127,"column":4},"end":{"line":143,"column":5}}]},"12":{"loc":{"start":{"line":130,"column":12},"end":{"line":137,"column":13}},"type":"if","locations":[{"start":{"line":130,"column":12},"end":{"line":137,"column":13}}]},"13":{"loc":{"start":{"line":131,"column":16},"end":{"line":133,"column":17}},"type":"if","locations":[{"start":{"line":131,"column":16},"end":{"line":133,"column":17}}]},"14":{"loc":{"start":{"line":160,"column":4},"end":{"line":162,"column":5}},"type":"if","locations":[{"start":{"line":160,"column":4},"end":{"line":162,"column":5}}]},"15":{"loc":{"start":{"line":160,"column":8},"end":{"line":160,"column":27}},"type":"binary-expr","locations":[{"start":{"line":160,"column":8},"end":{"line":160,"column":14}},{"start":{"line":160,"column":18},"end":{"line":160,"column":27}}]},"16":{"loc":{"start":{"line":166,"column":8},"end":{"line":168,"column":9}},"type":"if","locations":[{"start":{"line":166,"column":8},"end":{"line":168,"column":9}}]},"17":{"loc":{"start":{"line":170,"column":8},"end":{"line":172,"column":9}},"type":"if","locations":[{"start":{"line":170,"column":8},"end":{"line":172,"column":9}}]},"18":{"loc":{"start":{"line":205,"column":4},"end":{"line":215,"column":5}},"type":"if","locations":[{"start":{"line":205,"column":4},"end":{"line":215,"column":5}}]},"19":{"loc":{"start":{"line":208,"column":12},"end":{"line":210,"column":13}},"type":"if","locations":[{"start":{"line":208,"column":12},"end":{"line":210,"column":13}}]},"20":{"loc":{"start":{"line":222,"column":4},"end":{"line":232,"column":5}},"type":"if","locations":[{"start":{"line":222,"column":4},"end":{"line":232,"column":5}}]},"21":{"loc":{"start":{"line":225,"column":12},"end":{"line":227,"column":13}},"type":"if","locations":[{"start":{"line":225,"column":12},"end":{"line":227,"column":13}}]}},"s":{"0":1,"1":1,"2":1,"3":1,"4":1,"5":0,"6":0,"7":0,"8":0,"9":0,"10":0,"11":0,"12":0,"13":0,"14":0,"15":0,"16":0,"17":0,"18":1,"19":0,"20":0,"21":0,"22":0,"23":0,"24":1,"25":0,"26":0,"27":0,"28":0,"29":0,"30":0,"31":0,"32":0,"33":0,"34":1,"35":0,"36":0,"37":0,"38":0,"39":0,"40":1,"41":0,"42":0,"43":0,"44":0,"45":0,"46":0,"47":0,"48":0,"49":0,"50":0,"51":0,"52":1,"53":0,"54":0,"55":0,"56":0,"57":0,"58":1,"59":0,"60":0,"61":0,"62":0,"63":0,"64":0,"65":0,"66":0,"67":0,"68":0,"69":0,"70":0,"71":1,"72":0,"73":0,"74":0,"75":0,"76":0,"77":1,"78":0,"79":0,"80":0,"81":0,"82":0,"83":0,"84":0,"85":0,"86":0,"87":0,"88":0,"89":0,"90":0,"91":1,"92":0,"93":0,"94":0,"95":0,"96":0,"97":1,"98":0,"99":0,"100":0,"101":0,"102":0,"103":0,"104":0,"105":0,"106":0,"107":0,"108":0,"109":0,"110":0,"111":0,"112":0,"113":0,"114":1,"115":0,"116":0,"117":0,"118":0,"119":0,"120":0,"121":1,"122":0,"123":0,"124":0,"125":0,"126":0,"127":1,"128":0,"129":0,"130":0,"131":0,"132":0,"133":0,"134":0,"135":0,"136":0,"137":1,"138":0,"139":0,"140":0,"141":0,"142":0,"143":0,"144":0,"145":0,"146":0,"147":1,"148":0,"149":0,"150":0,"151":0,"152":0,"153":1},"f":{"0":0,"1":0,"2":0,"3":0,"4":0,"5":0,"6":0,"7":0,"8":0,"9":0,"10":0,"11":0,"12":0,"13":0,"14":0,"15":0,"16":0,"17":0,"18":0,"19":0,"20":0,"21":0,"22":0,"23":0,"24":0,"25":0,"26":0,"27":0,"28":0,"29":0,"30":0,"31":0,"32":0},"b":{"0":[0],"1":[0],"2":[0,0,0],"3":[0,0],"4":[0],"5":[0],"6":[0],"7":[0],"8":[0],"9":[0],"10":[0],"11":[0],"12":[0],"13":[0],"14":[0],"15":[0,0],"16":[0],"17":[0],"18":[0],"19":[0],"20":[0],"21":[0]}}
,"/Users/avitaldebachar/Documents/GitHub/WebProj/backend/src/middleware/authCheck.ts": {"path":"/Users/avitaldebachar/Documents/GitHub/WebProj/backend/src/middleware/authCheck.ts","statementMap":{"0":{"start":{"line":1,"column":0},"end":{"line":1,"column":31}},"1":{"start":{"line":2,"column":15},"end":{"line":2,"column":23}},"2":{"start":{"line":3,"column":0},"end":{"line":3,"column":30}},"3":{"start":{"line":12,"column":22},"end":{"line":30,"column":1}},"4":{"start":{"line":13,"column":4},"end":{"line":13,"column":33}},"5":{"start":{"line":14,"column":18},"end":{"line":14,"column":46}},"6":{"start":{"line":15,"column":4},"end":{"line":29,"column":5}},"7":{"start":{"line":16,"column":29},"end":{"line":16,"column":79}},"8":{"start":{"line":17,"column":8},"end":{"line":17,"column":42}},"9":{"start":{"line":18,"column":8},"end":{"line":18,"column":54}},"10":{"start":{"line":19,"column":21},"end":{"line":19,"column":83}},"11":{"start":{"line":20,"column":25},"end":{"line":20,"column":51}},"12":{"start":{"line":21,"column":8},"end":{"line":23,"column":9}},"13":{"start":{"line":22,"column":12},"end":{"line":22,"column":68}},"14":{"start":{"line":24,"column":27},"end":{"line":24,"column":39}},"15":{"start":{"line":25,"column":8},"end":{"line":25,"column":67}},"16":{"start":{"line":26,"column":8},"end":{"line":26,"column":15}},"17":{"start":{"line":28,"column":8},"end":{"line":28,"column":63}},"18":{"start":{"line":32,"column":0},"end":{"line":32,"column":29}}},"fnMap":{"0":{"name":"(anonymous_1)","decl":{"start":{"line":12,"column":22},"end":{"line":12,"column":23}},"loc":{"start":{"line":12,"column":71},"end":{"line":30,"column":1}}}},"branchMap":{"0":{"loc":{"start":{"line":15,"column":4},"end":{"line":29,"column":5}},"type":"if","locations":[{"start":{"line":15,"column":4},"end":{"line":29,"column":5}},{"start":{"line":27,"column":11},"end":{"line":29,"column":5}}]},"1":{"loc":{"start":{"line":21,"column":8},"end":{"line":23,"column":9}},"type":"if","locations":[{"start":{"line":21,"column":8},"end":{"line":23,"column":9}}]}},"s":{"0":1,"1":1,"2":1,"3":1,"4":0,"5":0,"6":0,"7":0,"8":0,"9":0,"10":0,"11":0,"12":0,"13":0,"14":0,"15":0,"16":0,"17":0,"18":1},"f":{"0":0},"b":{"0":[0,0],"1":[0]}}
,"/Users/avitaldebachar/Documents/GitHub/WebProj/backend/src/middleware/upload.ts": {"path":"/Users/avitaldebachar/Documents/GitHub/WebProj/backend/src/middleware/upload.ts","statementMap":{"0":{"start":{"line":1,"column":0},"end":{"line":1,"column":27}},"1":{"start":{"line":4,"column":16},"end":{"line":11,"column":2}},"2":{"start":{"line":6,"column":4},"end":{"line":6,"column":24}},"3":{"start":{"line":9,"column":4},"end":{"line":9,"column":32}},"4":{"start":{"line":14,"column":15},"end":{"line":14,"column":43}},"5":{"start":{"line":16,"column":0},"end":{"line":16,"column":22}}},"fnMap":{"0":{"name":"(anonymous_1)","decl":{"start":{"line":5,"column":15},"end":{"line":5,"column":16}},"loc":{"start":{"line":5,"column":33},"end":{"line":7,"column":3}}},"1":{"name":"(anonymous_2)","decl":{"start":{"line":8,"column":12},"end":{"line":8,"column":13}},"loc":{"start":{"line":8,"column":30},"end":{"line":10,"column":3}}}},"branchMap":{},"s":{"0":1,"1":1,"2":0,"3":0,"4":1,"5":1},"f":{"0":0,"1":0},"b":{}}
,"/Users/avitaldebachar/Documents/GitHub/WebProj/backend/src/models/assets_model.ts": {"path":"/Users/avitaldebachar/Documents/GitHub/WebProj/backend/src/models/assets_model.ts","statementMap":{"0":{"start":{"line":1,"column":0},"end":{"line":1,"column":32}},"1":{"start":{"line":11,"column":20},"end":{"line":27,"column":2}},"2":{"start":{"line":29,"column":0},"end":{"line":29,"column":60}}},"fnMap":{},"branchMap":{},"s":{"0":2,"1":2,"2":2},"f":{},"b":{}}
,"/Users/avitaldebachar/Documents/GitHub/WebProj/backend/src/models/comment_model.ts": {"path":"/Users/avitaldebachar/Documents/GitHub/WebProj/backend/src/models/comment_model.ts","statementMap":{"0":{"start":{"line":1,"column":0},"end":{"line":1,"column":48}},"1":{"start":{"line":9,"column":22},"end":{"line":30,"column":2}},"2":{"start":{"line":25,"column":18},"end":{"line":25,"column":28}},"3":{"start":{"line":26,"column":6},"end":{"line":26,"column":39}},"4":{"start":{"line":27,"column":6},"end":{"line":27,"column":17}},"5":{"start":{"line":32,"column":16},"end":{"line":32,"column":78}},"6":{"start":{"line":33,"column":0},"end":{"line":33,"column":null}}},"fnMap":{"0":{"name":"(anonymous_1)","decl":{"start":{"line":24,"column":13},"end":{"line":24,"column":null}},"loc":{"start":{"line":24,"column":13},"end":{"line":28,"column":5}}}},"branchMap":{},"s":{"0":1,"1":1,"2":0,"3":0,"4":0,"5":1,"6":1},"f":{"0":0},"b":{}}
,"/Users/avitaldebachar/Documents/GitHub/WebProj/backend/src/models/user_model.ts": {"path":"/Users/avitaldebachar/Documents/GitHub/WebProj/backend/src/models/user_model.ts","statementMap":{"0":{"start":{"line":1,"column":0},"end":{"line":1,"column":41}},"1":{"start":{"line":13,"column":19},"end":{"line":45,"column":2}},"2":{"start":{"line":47,"column":0},"end":{"line":47,"column":57}}},"fnMap":{},"branchMap":{},"s":{"0":1,"1":1,"2":1},"f":{},"b":{}}
,"/Users/avitaldebachar/Documents/GitHub/WebProj/backend/src/routes/asset_route.ts": {"path":"/Users/avitaldebachar/Documents/GitHub/WebProj/backend/src/routes/asset_route.ts","statementMap":{"0":{"start":{"line":1,"column":0},"end":{"line":1,"column":30}},"1":{"start":{"line":2,"column":15},"end":{"line":2,"column":31}},"2":{"start":{"line":3,"column":0},"end":{"line":3,"column":64}},"3":{"start":{"line":5,"column":0},"end":{"line":9,"column":null}},"4":{"start":{"line":11,"column":0},"end":{"line":11,"column":85}},"5":{"start":{"line":12,"column":0},"end":{"line":12,"column":72}},"6":{"start":{"line":13,"column":0},"end":{"line":13,"column":69}},"7":{"start":{"line":15,"column":0},"end":{"line":15,"column":22}}},"fnMap":{},"branchMap":{},"s":{"0":1,"1":1,"2":1,"3":1,"4":1,"5":1,"6":1,"7":1},"f":{},"b":{}}
,"/Users/avitaldebachar/Documents/GitHub/WebProj/backend/src/routes/comment_route.ts": {"path":"/Users/avitaldebachar/Documents/GitHub/WebProj/backend/src/routes/comment_route.ts","statementMap":{"0":{"start":{"line":1,"column":0},"end":{"line":1,"column":30}},"1":{"start":{"line":2,"column":15},"end":{"line":2,"column":31}},"2":{"start":{"line":3,"column":0},"end":{"line":3,"column":66}},"3":{"start":{"line":5,"column":0},"end":{"line":5,"column":74}},"4":{"start":{"line":6,"column":0},"end":{"line":6,"column":82}},"5":{"start":{"line":7,"column":0},"end":{"line":7,"column":84}},"6":{"start":{"line":10,"column":0},"end":{"line":10,"column":74}},"7":{"start":{"line":11,"column":0},"end":{"line":11,"column":76}},"8":{"start":{"line":12,"column":0},"end":{"line":12,"column":73}},"9":{"start":{"line":14,"column":0},"end":{"line":14,"column":22}}},"fnMap":{},"branchMap":{},"s":{"0":1,"1":1,"2":1,"3":1,"4":1,"5":1,"6":1,"7":1,"8":1,"9":1},"f":{},"b":{}}
,"/Users/avitaldebachar/Documents/GitHub/WebProj/backend/src/routes/file_route.ts": {"path":"/Users/avitaldebachar/Documents/GitHub/WebProj/backend/src/routes/file_route.ts","statementMap":{"0":{"start":{"line":1,"column":0},"end":{"line":1,"column":30}},"1":{"start":{"line":2,"column":0},"end":{"line":2,"column":60}},"2":{"start":{"line":3,"column":0},"end":{"line":3,"column":42}},"3":{"start":{"line":4,"column":15},"end":{"line":4,"column":31}},"4":{"start":{"line":10,"column":0},"end":{"line":10,"column":null}},"5":{"start":{"line":11,"column":0},"end":{"line":11,"column":null}},"6":{"start":{"line":12,"column":0},"end":{"line":12,"column":16}}},"fnMap":{},"branchMap":{},"s":{"0":1,"1":1,"2":1,"3":1,"4":1,"5":1,"6":1},"f":{},"b":{}}
,"/Users/avitaldebachar/Documents/GitHub/WebProj/backend/src/routes/user_route.ts": {"path":"/Users/avitaldebachar/Documents/GitHub/WebProj/backend/src/routes/user_route.ts","statementMap":{"0":{"start":{"line":1,"column":0},"end":{"line":1,"column":30}},"1":{"start":{"line":2,"column":15},"end":{"line":2,"column":31}},"2":{"start":{"line":3,"column":0},"end":{"line":3,"column":60}},"3":{"start":{"line":4,"column":0},"end":{"line":4,"column":53}},"4":{"start":{"line":6,"column":0},"end":{"line":16,"column":null}},"5":{"start":{"line":17,"column":4},"end":{"line":17,"column":26}}},"fnMap":{},"branchMap":{},"s":{"0":1,"1":1,"2":1,"3":1,"4":1,"5":1},"f":{},"b":{}}
}
