TN:
SF:src/app.ts
FN:17,(anonymous_1)
FN:21,(anonymous_2)
FN:33,(anonymous_3)
FNF:3
FNH:3
FNDA:5,(anonymous_1)
FNDA:5,(anonymous_2)
FNDA:17,(anonymous_3)
DA:1,3
DA:2,3
DA:3,3
DA:4,3
DA:5,3
DA:6,3
DA:7,3
DA:8,3
DA:10,3
DA:11,3
DA:15,3
DA:17,3
DA:18,5
DA:20,5
DA:21,5
DA:22,5
DA:26,0
DA:29,3
DA:31,3
DA:32,3
DA:33,3
DA:34,17
DA:35,17
DA:36,17
DA:37,17
DA:38,17
DA:41,3
DA:42,3
DA:43,3
DA:44,3
DA:45,3
DA:46,3
DA:47,3
DA:48,3
DA:53,3
LF:35
LH:34
BRF:0
BRH:0
end_of_record
TN:
SF:src/controllers/assets_controller.ts
FN:6,(anonymous_8)
FN:6,(anonymous_9)
FN:16,(anonymous_10)
FN:16,(anonymous_11)
FN:26,(anonymous_12)
FN:26,(anonymous_13)
FN:37,(anonymous_14)
FN:37,(anonymous_15)
FN:49,(anonymous_16)
FN:49,(anonymous_17)
FN:63,(anonymous_18)
FN:63,(anonymous_19)
FN:72,(anonymous_20)
FN:72,(anonymous_21)
FN:84,(anonymous_22)
FN:84,(anonymous_23)
FNF:16
FNH:12
FNDA:1,(anonymous_8)
FNDA:1,(anonymous_9)
FNDA:0,(anonymous_10)
FNDA:0,(anonymous_11)
FNDA:0,(anonymous_12)
FNDA:0,(anonymous_13)
FNDA:1,(anonymous_14)
FNDA:1,(anonymous_15)
FNDA:1,(anonymous_16)
FNDA:1,(anonymous_17)
FNDA:1,(anonymous_18)
FNDA:1,(anonymous_19)
FNDA:1,(anonymous_20)
FNDA:1,(anonymous_21)
FNDA:1,(anonymous_22)
FNDA:1,(anonymous_23)
DA:3,3
DA:6,3
DA:8,1
DA:9,1
DA:10,1
DA:12,0
DA:16,3
DA:18,0
DA:19,0
DA:20,0
DA:22,0
DA:26,3
DA:28,0
DA:29,0
DA:30,0
DA:32,0
DA:37,3
DA:39,1
DA:40,1
DA:41,1
DA:43,0
DA:49,3
DA:50,1
DA:51,1
DA:52,1
DA:53,0
DA:55,1
DA:56,1
DA:57,1
DA:59,0
DA:63,3
DA:64,1
DA:65,1
DA:66,1
DA:68,0
DA:72,3
DA:74,1
DA:75,1
DA:77,1
DA:78,1
DA:80,0
DA:84,3
DA:86,1
DA:87,1
DA:88,1
DA:93,1
DA:97,1
DA:98,1
DA:100,0
DA:106,3
LF:50
LH:35
BRDA:52,0,0,0
BRDA:52,1,0,1
BRDA:52,1,1,1
BRDA:52,1,2,1
BRF:4
BRH:3
end_of_record
TN:
SF:src/controllers/comment_controller.ts
FN:11,(anonymous_8)
FN:20,(anonymous_10)
FN:30,(anonymous_12)
FN:41,(anonymous_14)
FN:57,(anonymous_16)
FN:68,(anonymous_18)
FNF:6
FNH:1
FNDA:0,(anonymous_8)
FNDA:0,(anonymous_10)
FNDA:0,(anonymous_12)
FNDA:1,(anonymous_14)
FNDA:0,(anonymous_16)
FNDA:0,(anonymous_18)
DA:3,3
DA:5,3
DA:12,0
DA:13,0
DA:14,0
DA:16,0
DA:21,0
DA:22,0
DA:23,0
DA:24,0
DA:26,0
DA:32,0
DA:33,0
DA:34,0
DA:35,0
DA:37,0
DA:42,1
DA:43,1
DA:44,0
DA:50,0
DA:51,0
DA:52,0
DA:54,1
DA:58,0
DA:59,0
DA:61,0
DA:62,0
DA:64,0
DA:69,0
DA:70,0
DA:71,0
DA:76,0
DA:80,0
DA:81,0
DA:84,0
DA:91,3
LF:36
LH:6
BRF:0
BRH:0
end_of_record
TN:
SF:src/controllers/file_controller.ts
FN:9,(anonymous_7)
FN:17,(anonymous_9)
FNF:2
FNH:0
FNDA:0,(anonymous_7)
FNDA:0,(anonymous_9)
DA:10,0
DA:11,0
DA:13,0
DA:18,0
DA:19,0
DA:20,0
DA:22,0
DA:29,3
LF:8
LH:1
BRF:0
BRH:0
end_of_record
TN:
SF:src/controllers/user_controller.ts
FN:13,(anonymous_8)
FN:13,(anonymous_9)
FN:31,(anonymous_10)
FN:31,(anonymous_11)
FN:45,(anonymous_12)
FN:45,(anonymous_13)
FN:64,(anonymous_14)
FN:64,(anonymous_15)
FN:73,(anonymous_16)
FN:73,(anonymous_17)
FN:90,(anonymous_18)
FN:90,(anonymous_19)
FN:99,(anonymous_20)
FN:99,(anonymous_21)
FN:118,(anonymous_22)
FN:118,(anonymous_23)
FN:128,(anonymous_24)
FN:128,(anonymous_25)
FN:136,(anonymous_26)
FN:148,(anonymous_27)
FN:148,(anonymous_28)
FN:159,(anonymous_29)
FN:159,(anonymous_30)
FN:184,(anonymous_31)
FN:184,(anonymous_32)
FN:196,(anonymous_33)
FN:196,(anonymous_34)
FN:207,(anonymous_35)
FN:207,(anonymous_36)
FN:224,(anonymous_37)
FN:224,(anonymous_38)
FN:239,(anonymous_39)
FN:239,(anonymous_40)
FN:249,(anonymous_41)
FN:249,(anonymous_42)
FN:264,(anonymous_43)
FNF:36
FNH:25
FNDA:3,(anonymous_8)
FNDA:3,(anonymous_9)
FNDA:3,(anonymous_10)
FNDA:3,(anonymous_11)
FNDA:1,(anonymous_12)
FNDA:1,(anonymous_13)
FNDA:1,(anonymous_14)
FNDA:1,(anonymous_15)
FNDA:3,(anonymous_16)
FNDA:3,(anonymous_17)
FNDA:1,(anonymous_18)
FNDA:1,(anonymous_19)
FNDA:1,(anonymous_20)
FNDA:1,(anonymous_21)
FNDA:1,(anonymous_22)
FNDA:1,(anonymous_23)
FNDA:1,(anonymous_24)
FNDA:1,(anonymous_25)
FNDA:1,(anonymous_26)
FNDA:1,(anonymous_27)
FNDA:1,(anonymous_28)
FNDA:3,(anonymous_29)
FNDA:3,(anonymous_30)
FNDA:0,(anonymous_31)
FNDA:0,(anonymous_32)
FNDA:1,(anonymous_33)
FNDA:1,(anonymous_34)
FNDA:0,(anonymous_35)
FNDA:0,(anonymous_36)
FNDA:0,(anonymous_37)
FNDA:0,(anonymous_38)
FNDA:0,(anonymous_39)
FNDA:0,(anonymous_40)
FNDA:0,(anonymous_41)
FNDA:0,(anonymous_42)
FNDA:0,(anonymous_43)
DA:1,3
DA:2,3
DA:5,3
DA:6,3
DA:7,3
DA:8,3
DA:9,3
DA:13,3
DA:14,3
DA:15,3
DA:16,3
DA:17,3
DA:18,1
DA:20,2
DA:21,2
DA:22,2
DA:23,2
DA:24,2
DA:25,1
DA:27,2
DA:31,3
DA:32,3
DA:33,3
DA:34,1
DA:36,2
DA:45,3
DA:46,1
DA:47,1
DA:48,1
DA:49,1
DA:50,1
DA:52,0
DA:54,0
DA:57,0
DA:64,3
DA:65,1
DA:66,1
DA:67,1
DA:69,0
DA:73,3
DA:74,3
DA:75,3
DA:76,3
DA:77,3
DA:78,3
DA:79,3
DA:80,3
DA:82,0
DA:84,0
DA:87,0
DA:90,3
DA:91,1
DA:92,1
DA:93,1
DA:95,0
DA:99,3
DA:100,1
DA:101,1
DA:102,1
DA:103,1
DA:104,1
DA:105,0
DA:107,1
DA:108,1
DA:109,1
DA:111,0
DA:113,0
DA:118,3
DA:119,1
DA:120,1
DA:121,1
DA:123,0
DA:128,3
DA:129,1
DA:130,1
DA:131,1
DA:132,1
DA:133,1
DA:134,0
DA:136,1
DA:137,1
DA:138,1
DA:140,0
DA:143,0
DA:148,3
DA:149,1
DA:151,1
DA:152,1
DA:154,0
DA:159,3
DA:160,3
DA:161,3
DA:162,3
DA:163,0
DA:166,3
DA:168,3
DA:169,3
DA:170,1
DA:172,2
DA:173,2
DA:174,0
DA:176,2
DA:177,2
DA:178,2
DA:180,0
DA:184,3
DA:185,0
DA:186,0
DA:187,0
DA:188,0
DA:190,0
DA:196,3
DA:197,1
DA:198,1
DA:199,1
DA:201,0
DA:207,3
DA:208,0
DA:209,0
DA:210,0
DA:211,0
DA:212,0
DA:214,0
DA:216,0
DA:219,0
DA:224,3
DA:225,0
DA:226,0
DA:227,0
DA:228,0
DA:229,0
DA:231,0
DA:233,0
DA:236,0
DA:239,3
DA:240,0
DA:241,0
DA:242,0
DA:244,0
DA:248,3
DA:249,3
DA:250,0
DA:251,0
DA:255,0
DA:256,0
DA:260,0
DA:265,0
DA:268,0
DA:269,0
DA:270,0
DA:271,0
DA:277,0
DA:278,0
DA:280,0
DA:281,0
DA:284,0
DA:288,0
DA:291,0
DA:292,0
DA:302,3
LF:160
LH:97
BRDA:14,0,0,3
BRDA:17,1,0,1
BRDA:17,2,0,3
BRDA:17,2,1,2
BRDA:17,2,2,2
BRDA:22,3,0,2
BRDA:22,3,1,2
BRDA:46,4,0,1
BRDA:49,5,0,1
BRDA:74,6,0,3
BRDA:79,7,0,3
BRDA:100,8,0,1
BRDA:103,9,0,1
BRDA:104,10,0,0
BRDA:129,11,0,1
BRDA:132,12,0,1
BRDA:133,13,0,0
BRDA:162,14,0,0
BRDA:162,15,0,3
BRDA:162,15,1,3
BRDA:169,16,0,1
BRDA:173,17,0,0
BRDA:208,18,0,0
BRDA:211,19,0,0
BRDA:225,20,0,0
BRDA:228,21,0,0
BRDA:256,22,0,0
BRDA:256,22,1,0
BRDA:256,23,0,0
BRDA:256,23,1,0
BRDA:262,24,0,0
BRDA:262,24,1,0
BRDA:262,25,0,0
BRDA:262,25,1,0
BRDA:265,26,0,0
BRDA:265,26,1,0
BRDA:265,27,0,0
BRDA:265,27,1,0
BRDA:268,28,0,0
BRDA:268,28,1,0
BRDA:270,29,0,0
BRDA:270,29,1,0
BRDA:274,30,0,0
BRDA:274,30,1,0
BRDA:274,31,0,0
BRDA:274,31,1,0
BRDA:275,32,0,0
BRDA:275,32,1,0
BRDA:275,33,0,0
BRDA:275,33,1,0
BRF:50
BRH:18
end_of_record
TN:
SF:src/middleware/authCheck.ts
FN:12,(anonymous_1)
FNF:1
FNH:0
FNDA:0,(anonymous_1)
DA:1,3
DA:2,3
DA:3,3
DA:12,3
DA:14,0
DA:15,0
DA:16,0
DA:17,0
DA:18,0
DA:19,0
DA:20,0
DA:21,0
DA:22,0
DA:24,0
DA:25,0
DA:26,0
DA:28,0
DA:32,3
LF:18
LH:5
BRDA:15,0,0,0
BRDA:15,0,1,0
BRDA:21,1,0,0
BRF:3
BRH:0
end_of_record
TN:
SF:src/middleware/upload.ts
FN:5,(anonymous_1)
FN:8,(anonymous_2)
FNF:2
FNH:0
FNDA:0,(anonymous_1)
FNDA:0,(anonymous_2)
DA:1,3
DA:4,3
DA:6,0
DA:9,0
DA:14,3
DA:16,3
LF:6
LH:4
BRF:0
BRH:0
end_of_record
TN:
SF:src/models/assets_model.ts
FNF:0
FNH:0
DA:1,3
DA:11,3
DA:29,3
LF:3
LH:3
BRF:0
BRH:0
end_of_record
TN:
SF:src/models/comment_model.ts
FN:28,(anonymous_1)
FNF:1
FNH:0
FNDA:0,(anonymous_1)
DA:1,3
DA:10,3
DA:29,0
DA:30,0
DA:31,0
DA:40,3
DA:41,3
LF:7
LH:4
BRF:0
BRH:0
end_of_record
TN:
SF:src/models/user_model.ts
FNF:0
FNH:0
DA:1,3
DA:13,3
DA:47,3
LF:3
LH:3
BRF:0
BRH:0
end_of_record
TN:
SF:src/routes/asset_route.ts
FNF:0
FNH:0
DA:1,3
DA:2,3
DA:3,3
DA:5,3
DA:11,3
DA:12,3
DA:13,3
DA:15,3
LF:8
LH:8
BRF:0
BRH:0
end_of_record
TN:
SF:src/routes/comment_route.ts
FNF:0
FNH:0
DA:1,3
DA:2,3
DA:3,3
DA:5,3
DA:6,3
DA:7,3
DA:10,3
DA:11,3
DA:12,3
DA:14,3
LF:10
LH:10
BRF:0
BRH:0
end_of_record
TN:
SF:src/routes/file_route.ts
FNF:0
FNH:0
DA:1,3
DA:2,3
DA:3,3
DA:4,3
DA:10,3
DA:11,3
DA:12,3
LF:7
LH:7
BRF:0
BRH:0
end_of_record
TN:
SF:src/routes/user_route.ts
FNF:0
FNH:0
DA:1,3
DA:2,3
DA:3,3
DA:4,3
DA:6,3
DA:24,3
LF:6
LH:6
BRF:0
BRH:0
end_of_record
