TN:
SF:src/app.ts
FN:13,(anonymous_1)
FN:14,(anonymous_2)
FN:16,(anonymous_3)
FN:17,(anonymous_4)
FN:19,(anonymous_5)
FN:24,(anonymous_6)
FNF:6
FNH:0
FNDA:0,(anonymous_1)
FNDA:0,(anonymous_2)
FNDA:0,(anonymous_3)
FNDA:0,(anonymous_4)
FNDA:0,(anonymous_5)
FNDA:0,(anonymous_6)
DA:1,1
DA:2,1
DA:3,1
DA:4,1
DA:5,1
DA:6,1
DA:7,1
DA:8,1
DA:10,1
DA:11,1
DA:13,1
DA:14,0
DA:15,0
DA:16,0
DA:17,0
DA:18,0
DA:19,0
DA:20,0
DA:22,0
DA:23,0
DA:24,0
DA:25,0
DA:26,0
DA:27,0
DA:28,0
DA:29,0
DA:32,0
DA:33,0
DA:34,0
DA:35,0
DA:36,0
DA:37,0
DA:38,0
DA:39,0
DA:40,0
DA:43,0
DA:46,1
LF:37
LH:12
BRF:0
BRH:0
end_of_record
TN:
SF:src/controllers/assets_controller.ts
FN:6,(anonymous_8)
FN:6,(anonymous_9)
FN:16,(anonymous_10)
FN:16,(anonymous_11)
FN:26,(anonymous_12)
FN:26,(anonymous_13)
FN:37,(anonymous_14)
FN:37,(anonymous_15)
FN:49,(anonymous_16)
FN:49,(anonymous_17)
FN:63,(anonymous_18)
FN:63,(anonymous_19)
FN:72,(anonymous_20)
FN:72,(anonymous_21)
FN:84,(anonymous_22)
FN:84,(anonymous_23)
FNF:16
FNH:2
FNDA:2,(anonymous_8)
FNDA:2,(anonymous_9)
FNDA:0,(anonymous_10)
FNDA:0,(anonymous_11)
FNDA:0,(anonymous_12)
FNDA:0,(anonymous_13)
FNDA:0,(anonymous_14)
FNDA:0,(anonymous_15)
FNDA:0,(anonymous_16)
FNDA:0,(anonymous_17)
FNDA:0,(anonymous_18)
FNDA:0,(anonymous_19)
FNDA:0,(anonymous_20)
FNDA:0,(anonymous_21)
FNDA:0,(anonymous_22)
FNDA:0,(anonymous_23)
DA:3,2
DA:6,2
DA:8,2
DA:9,2
DA:10,1
DA:12,1
DA:16,2
DA:18,0
DA:19,0
DA:20,0
DA:22,0
DA:26,2
DA:28,0
DA:29,0
DA:30,0
DA:32,0
DA:37,2
DA:39,0
DA:40,0
DA:41,0
DA:43,0
DA:49,2
DA:50,0
DA:51,0
DA:52,0
DA:53,0
DA:55,0
DA:56,0
DA:57,0
DA:59,0
DA:63,2
DA:64,0
DA:65,0
DA:66,0
DA:68,0
DA:72,2
DA:74,0
DA:75,0
DA:77,0
DA:78,0
DA:80,0
DA:84,2
DA:86,0
DA:87,0
DA:88,0
DA:93,0
DA:97,0
DA:98,0
DA:100,0
DA:106,2
LF:50
LH:14
BRDA:52,0,0,0
BRDA:52,1,0,0
BRDA:52,1,1,0
BRDA:52,1,2,0
BRF:4
BRH:0
end_of_record
TN:
SF:src/controllers/comment_controller.ts
FN:9,(anonymous_8)
FN:18,(anonymous_10)
FN:27,(anonymous_12)
FN:37,(anonymous_14)
FN:51,(anonymous_16)
FN:62,(anonymous_18)
FNF:6
FNH:0
FNDA:0,(anonymous_8)
FNDA:0,(anonymous_10)
FNDA:0,(anonymous_12)
FNDA:0,(anonymous_14)
FNDA:0,(anonymous_16)
FNDA:0,(anonymous_18)
DA:3,1
DA:10,0
DA:11,0
DA:12,0
DA:14,0
DA:19,0
DA:20,0
DA:21,0
DA:23,0
DA:29,0
DA:30,0
DA:31,0
DA:33,0
DA:38,0
DA:39,0
DA:44,0
DA:45,0
DA:46,0
DA:48,0
DA:52,0
DA:53,0
DA:55,0
DA:56,0
DA:58,0
DA:63,0
DA:64,0
DA:65,0
DA:70,0
DA:74,0
DA:75,0
DA:77,0
DA:84,1
LF:32
LH:2
BRF:0
BRH:0
end_of_record
TN:
SF:src/controllers/file_controller.ts
FN:9,(anonymous_7)
FN:17,(anonymous_9)
FNF:2
FNH:0
FNDA:0,(anonymous_7)
FNDA:0,(anonymous_9)
DA:10,0
DA:11,0
DA:13,0
DA:18,0
DA:19,0
DA:20,0
DA:22,0
DA:29,1
LF:8
LH:1
BRF:0
BRH:0
end_of_record
TN:
SF:src/controllers/user_controller.ts
FN:11,(anonymous_8)
FN:11,(anonymous_9)
FN:29,(anonymous_10)
FN:29,(anonymous_11)
FN:43,(anonymous_12)
FN:43,(anonymous_13)
FN:62,(anonymous_14)
FN:62,(anonymous_15)
FN:71,(anonymous_16)
FN:71,(anonymous_17)
FN:88,(anonymous_18)
FN:88,(anonymous_19)
FN:97,(anonymous_20)
FN:97,(anonymous_21)
FN:116,(anonymous_22)
FN:116,(anonymous_23)
FN:126,(anonymous_24)
FN:126,(anonymous_25)
FN:134,(anonymous_26)
FN:146,(anonymous_27)
FN:146,(anonymous_28)
FN:157,(anonymous_29)
FN:157,(anonymous_30)
FN:181,(anonymous_31)
FN:181,(anonymous_32)
FN:193,(anonymous_33)
FN:193,(anonymous_34)
FN:204,(anonymous_35)
FN:204,(anonymous_36)
FN:221,(anonymous_37)
FN:221,(anonymous_38)
FN:236,(anonymous_39)
FN:236,(anonymous_40)
FNF:33
FNH:0
FNDA:0,(anonymous_8)
FNDA:0,(anonymous_9)
FNDA:0,(anonymous_10)
FNDA:0,(anonymous_11)
FNDA:0,(anonymous_12)
FNDA:0,(anonymous_13)
FNDA:0,(anonymous_14)
FNDA:0,(anonymous_15)
FNDA:0,(anonymous_16)
FNDA:0,(anonymous_17)
FNDA:0,(anonymous_18)
FNDA:0,(anonymous_19)
FNDA:0,(anonymous_20)
FNDA:0,(anonymous_21)
FNDA:0,(anonymous_22)
FNDA:0,(anonymous_23)
FNDA:0,(anonymous_24)
FNDA:0,(anonymous_25)
FNDA:0,(anonymous_26)
FNDA:0,(anonymous_27)
FNDA:0,(anonymous_28)
FNDA:0,(anonymous_29)
FNDA:0,(anonymous_30)
FNDA:0,(anonymous_31)
FNDA:0,(anonymous_32)
FNDA:0,(anonymous_33)
FNDA:0,(anonymous_34)
FNDA:0,(anonymous_35)
FNDA:0,(anonymous_36)
FNDA:0,(anonymous_37)
FNDA:0,(anonymous_38)
FNDA:0,(anonymous_39)
FNDA:0,(anonymous_40)
DA:1,1
DA:2,1
DA:5,1
DA:6,1
DA:11,1
DA:12,0
DA:13,0
DA:14,0
DA:15,0
DA:16,0
DA:18,0
DA:19,0
DA:20,0
DA:21,0
DA:22,0
DA:23,0
DA:25,0
DA:29,1
DA:30,0
DA:31,0
DA:32,0
DA:34,0
DA:43,1
DA:44,0
DA:45,0
DA:46,0
DA:47,0
DA:48,0
DA:50,0
DA:52,0
DA:55,0
DA:62,1
DA:63,0
DA:64,0
DA:65,0
DA:67,0
DA:71,1
DA:72,0
DA:73,0
DA:74,0
DA:75,0
DA:76,0
DA:77,0
DA:78,0
DA:80,0
DA:82,0
DA:85,0
DA:88,1
DA:89,0
DA:90,0
DA:91,0
DA:93,0
DA:97,1
DA:98,0
DA:99,0
DA:100,0
DA:101,0
DA:102,0
DA:103,0
DA:105,0
DA:106,0
DA:107,0
DA:109,0
DA:111,0
DA:116,1
DA:117,0
DA:118,0
DA:119,0
DA:121,0
DA:126,1
DA:127,0
DA:128,0
DA:129,0
DA:130,0
DA:131,0
DA:132,0
DA:134,0
DA:135,0
DA:136,0
DA:138,0
DA:141,0
DA:146,1
DA:147,0
DA:149,0
DA:150,0
DA:152,0
DA:157,1
DA:158,0
DA:159,0
DA:160,0
DA:161,0
DA:163,0
DA:165,0
DA:166,0
DA:167,0
DA:169,0
DA:170,0
DA:171,0
DA:173,0
DA:174,0
DA:175,0
DA:177,0
DA:181,1
DA:182,0
DA:183,0
DA:184,0
DA:185,0
DA:187,0
DA:193,1
DA:194,0
DA:195,0
DA:196,0
DA:198,0
DA:204,1
DA:205,0
DA:206,0
DA:207,0
DA:208,0
DA:209,0
DA:211,0
DA:213,0
DA:216,0
DA:221,1
DA:222,0
DA:223,0
DA:224,0
DA:225,0
DA:226,0
DA:228,0
DA:230,0
DA:233,0
DA:236,1
DA:237,0
DA:238,0
DA:239,0
DA:241,0
DA:246,1
LF:137
LH:21
BRDA:12,0,0,0
BRDA:15,1,0,0
BRDA:15,2,0,0
BRDA:15,2,1,0
BRDA:15,2,2,0
BRDA:20,3,0,0
BRDA:20,3,1,0
BRDA:44,4,0,0
BRDA:47,5,0,0
BRDA:72,6,0,0
BRDA:77,7,0,0
BRDA:98,8,0,0
BRDA:101,9,0,0
BRDA:102,10,0,0
BRDA:127,11,0,0
BRDA:130,12,0,0
BRDA:131,13,0,0
BRDA:160,14,0,0
BRDA:160,15,0,0
BRDA:160,15,1,0
BRDA:166,16,0,0
BRDA:170,17,0,0
BRDA:205,18,0,0
BRDA:208,19,0,0
BRDA:222,20,0,0
BRDA:225,21,0,0
BRF:26
BRH:0
end_of_record
TN:
SF:src/middleware/authCheck.ts
FN:12,(anonymous_1)
FNF:1
FNH:0
FNDA:0,(anonymous_1)
DA:1,1
DA:2,1
DA:3,1
DA:12,1
DA:13,0
DA:14,0
DA:15,0
DA:16,0
DA:17,0
DA:18,0
DA:19,0
DA:20,0
DA:21,0
DA:22,0
DA:24,0
DA:25,0
DA:26,0
DA:28,0
DA:32,1
LF:19
LH:5
BRDA:15,0,0,0
BRDA:15,0,1,0
BRDA:21,1,0,0
BRF:3
BRH:0
end_of_record
TN:
SF:src/middleware/upload.ts
FN:5,(anonymous_1)
FN:8,(anonymous_2)
FNF:2
FNH:0
FNDA:0,(anonymous_1)
FNDA:0,(anonymous_2)
DA:1,1
DA:4,1
DA:6,0
DA:9,0
DA:14,1
DA:16,1
LF:6
LH:4
BRF:0
BRH:0
end_of_record
TN:
SF:src/models/assets_model.ts
FNF:0
FNH:0
DA:1,2
DA:11,2
DA:29,2
LF:3
LH:3
BRF:0
BRH:0
end_of_record
TN:
SF:src/models/comment_model.ts
FN:24,(anonymous_1)
FNF:1
FNH:0
FNDA:0,(anonymous_1)
DA:1,1
DA:9,1
DA:25,0
DA:26,0
DA:27,0
DA:32,1
DA:33,1
LF:7
LH:4
BRF:0
BRH:0
end_of_record
TN:
SF:src/models/user_model.ts
FNF:0
FNH:0
DA:1,1
DA:13,1
DA:47,1
LF:3
LH:3
BRF:0
BRH:0
end_of_record
TN:
SF:src/routes/asset_route.ts
FNF:0
FNH:0
DA:1,1
DA:2,1
DA:3,1
DA:5,1
DA:11,1
DA:12,1
DA:13,1
DA:15,1
LF:8
LH:8
BRF:0
BRH:0
end_of_record
TN:
SF:src/routes/comment_route.ts
FNF:0
FNH:0
DA:1,1
DA:2,1
DA:3,1
DA:5,1
DA:6,1
DA:7,1
DA:10,1
DA:11,1
DA:12,1
DA:14,1
LF:10
LH:10
BRF:0
BRH:0
end_of_record
TN:
SF:src/routes/file_route.ts
FNF:0
FNH:0
DA:1,1
DA:2,1
DA:3,1
DA:4,1
DA:10,1
DA:11,1
DA:12,1
LF:7
LH:7
BRF:0
BRH:0
end_of_record
TN:
SF:src/routes/user_route.ts
FNF:0
FNH:0
DA:1,1
DA:2,1
DA:3,1
DA:4,1
DA:6,1
DA:17,1
LF:6
LH:6
BRF:0
BRH:0
end_of_record
